# --- ROCK-COPYRIGHT-NOTE-BEGIN ---
# 
# This copyright note is auto-generated by ./scripts/Create-CopyPatch.
# Please add additional copyright information _after_ the line containing
# the ROCK-COPYRIGHT-NOTE-END tag. Otherwise it might get removed by
# the ./scripts/Create-CopyPatch script. Do not edit this copyright text!
# 
# ROCK Linux: rock-src/package/base/linux24/disable-broken.lst
# ROCK Linux is Copyright (C) 1998 - 2003 Clifford Wolf
# 
# This program is free software; you can redistribute it and/or modify
# it under the terms of the GNU General Public License as published by
# the Free Software Foundation; either version 2 of the License, or
# (at your option) any later version. A copy of the GNU General Public
# License can be found at Documentation/COPYING.
# 
# Many people helped and are helping developing ROCK Linux. Please
# have a look at http://www.rocklinux.org/ and the Documentation/TEAM
# file for details.
# 
# --- ROCK-COPYRIGHT-NOTE-END ---

CONFIG_EXAMPLE		2000-10-01	2.4.0	example.c
CONFIG_IPMI_HANDLER	2003-06-23	2.4.21-acpi
CONFIG_VIDEO_SAA5249	2003-08-26	2.4.22-i2c
CONFIG_VIDEO_STRADIS	2003-08-26	2.4.22-i2c
CONFIG_TUNER_3036	2003-08-26	2.4.22-i2c

