CONFIG_VIDEO_PLANB	2003-12-22	2.6.0
CONFIG_OAKNET		2003-12-22	2.6.0
CONFIG_LANCE		2003-12-22	2.6.0
CONFIG_AT1700		2003-12-22	2.6.0
CONFIG_3C515		2003-12-22	2.6.0
CONFIG_EEXPRESS		2003-12-22	2.6.0
CONFIG_VLSI_FIR		2003-12-22	2.6.0
CONFIG_SCSI_AHA1542	2003-12-22	2.6.0
CONFIG_MAC_SERIAL	2004-03-20	2.6.3	# suspend unfunctional
CONFIG_SERIAL_PMACZILOG	2004-03-20	2.6.3	# suspend unfunctional
CONFIG_PREEMPT		2004-06-06	2.6.7
CONFIG_SND_INTERWAVE	2004-06-17	2.6.7	# isapnp not avail
CONFIG_SND_INTERWAVE_STB	2004-06-17	2.6.7	# isapnp not avail
CONFIG_BLK_DEV_AMD74XX	2004-06-25	2.6.10	# does not link (and unneeded)
CONFIG_SND_EMU10K1	2004-06-26	2.6.10	# does not compile
CONFIG_BLK_CPQ_DA	2007-02-12	2.6.20	# does not link
CONFIG_SCSI_BUSLOGIC	2007-02-12	2.6.20	# does not link
CONFIG_SCSI_DC390T	2007-02-12	2.6.20	# does not link
CONFIG_I2O_CONFIG	2007-02-12	2.6.20	# does not link
CONFIG_ATM_FIRESTREAM	2007-02-12	2.6.20	# does not link
CONFIG_ATM_ZATM		2007-02-12	2.6.20	# does not link
CONFIG_ATM_AMBASSADOR	2007-02-12	2.6.20	# does not link
CONFIG_ATM_HORIZON	2007-02-12	2.6.20	# does not link
CONFIG_HVCS		2007-02-12	2.6.20	# does not link
CONFIG_PARPORT_PC	2008-01-22	2.6.23	# oops on boot
