# --- T2-COPYRIGHT-NOTE-BEGIN ---
# This copyright note is auto-generated by ./scripts/Create-CopyPatch.
# 
# T2 SDE: package/.../linux/disable-broken.lst
# Copyright (C) 2004 - 2014 The T2 SDE Project
# Copyright (C) 1998 - 2003 ROCK Linux Project
# 
# More information can be found in the files COPYING and README.
# 
# This program is free software; you can redistribute it and/or modify
# it under the terms of the GNU General Public License as published by
# the Free Software Foundation; version 2 of the License. A copy of the
# GNU General Public License can be found in the file COPYING.
# --- T2-COPYRIGHT-NOTE-END ---

CONFIG_IKCONFIG			2007-10-10	2.6.2x	# wasting space, we have it in /boot/

CONFIG_DEVFS			2005-06-19	2.6.x	# obsolete in T2 2.2
CONFIG_USB_KBD			2007-08-25	2.6.22	# too minimal
CONFIG_USB_MOUSE		2007-08-25	2.6.22	# too minimal
CONFIG_BLK_DEV_UB		2005-01-21	2.6.9	# the driver just sucks

CONFIG_PNPBIOS			2003-08-26	2.6.0-test4 # compiles but freezes

CONFIG_BLK_DEV_IDESCSI		2003-12-24	2.6.0 # it is currently broken and obsolete anyway
CONFIG_FB_RADEON_OLD		2004-10-25	2.6.9 # it is obsolete and oopses on auto-detected load due to in-kernel new FB_RADEON driver ...
CONFIG_SOUND_PRIME		2006-01-06	obsolete
CONFIG_QLOGIC_FC		2006-01-20	obsolete
CONFIG_EEPRO100			2006-02-01	obsolete
CONFIG_INPUT_EVBUG		2004-11-06	2.6.22	# loaded by u/dev, spams log

CONFIG_COMEDI			2010-07-01	2.6.34	# staging, ppc
CONFIG_FB_I810			2010-08-08	2.6.34	# collides with Intel's KMS leading to black screen
CONFIG_W35UND			2011-03-18	2.6.38	# msleep

CONFIG_FB_NVIDIA		2014-08-18	3.x	# we want nouveau for 3d and KMS
CONFIG_FB_RIVA			2014-08-18	3.x	# dito
