# --- ROCK-COPYRIGHT-NOTE-BEGIN ---
# 
# This copyright note is auto-generated by ./scripts/Create-CopyPatch.
# Please add additional copyright information _after_ the line containing
# the ROCK-COPYRIGHT-NOTE-END tag. Otherwise it might get removed by
# the ./scripts/Create-CopyPatch script. Do not edit this copyright text!
# 
# ROCK Linux: rock-src/package/*/linux26/disable-broken.lst
# Copyright (C) 1998 - 2003 ROCK Linux Project
# 
# This program is free software; you can redistribute it and/or modify
# it under the terms of the GNU General Public License as published by
# the Free Software Foundation; either version 2 of the License, or
# (at your option) any later version. A copy of the GNU General Public
# License can be found at Documentation/COPYING.
# 
# Many people helped and are helping developing ROCK Linux. Please
# have a look at http://www.rocklinux.org/ and the Documentation/TEAM
# file for details.
# 
# --- ROCK-COPYRIGHT-NOTE-END ---

CONFIG_SCSI_QLOGIC_1280		2002-10-27	2.5.44	qla1280.o
CONFIG_DRM_RADEON		2003-01-14	2.5.57	radeon.o

CONFIG_ISDN_BOOL		2003-07-07	2.5.74
CONFIG_SCSI_CPQFCTS		2003-07-07	2.5.74

CONFIG_ARCNET_COM20020		2003-08-02	2.6.0-test2

CONFIG_PNPBIOS			2003-08-26	2.6.0-test4 # compiles but freezes

CONFIG_BLK_DEV_IDESCSI		2003-12-24	2.6.0 # it is currently broken and obsolete anyway
CONFIG_FB_RADEON_OLD		2004-10-25	2.6.9 # it is obsolete and oopses on auto-detected load due to in-kernel new FB_RADEON driver ...
CONFIG_SCSI_QLA2XXX             2004-10-24	2.6.9 # does not compile at least on x86
CONFIG_SCSI_QLA21XX             2004-10-24	2.6.9 # does not compile at least on x86
CONFIG_SCSI_QLA22XX             2004-10-24	2.6.9 # does not compile at least on x86
CONFIG_SCSI_QLA2300             2004-10-24	2.6.9 # does not compile at least on x86
CONFIG_SCSI_QLA2322             2004-10-24	2.6.9 # does not compile at least on x86
CONFIG_SCSI_QLA6312             2004-10-24	2.6.9 # does not compile at least on x86
CONFIG_SCSI_QLA6322             2004-10-24	2.6.9 # does not compile at least on x86
CONFIG_BLK_DEV_UB		2005-01-21	2.6.9/10 # the driver just sucks
