CONFIG_ISDN_DRV_PCBIT	2002-07-23	2.4.18		edss1.c
CONFIG_SCSI_DPT_I2O	2002-07-23	2.4.18		dpt_i2o.o
CONFIG_FB_TRIDENT	2002-07-23	2.4.18		tridentfb.c
CONFIG_PARIDE		2002-07-23	2.4.18		bpck6.c
CONFIG_FTAPE		2002-07-23	2.4.18		ftape-calibr.c
CONFIG_MTD		2002-07-23	2.4.18		various files
CONFIG_SCSI_NCR53C7xx	2002-07-23	2.4.18		53c7,8xx.c
CONFIG_FB_SIS		2002-07-23	2.4.18		sisfb.c
CONFIG_IEEE1394_AMDTP	2002-11-01	2.4.19		amdtp.c
CONFIG_AMD_PM768	2002-12-20	2.4.20		amd76x_pm.c
CONFIG_SCSI_CPQFCTS	2002-12-22	2.4.20		cpqfcTS*.c

CONFIG_SCx200_I2C	2003-06-06	2.4.20
CONFIG_SCx200_ACB	2003-06-06	2.4.20
CONFIG_SCx200_GPIO	2003-06-09	2.4.20
CONFIG_QIC02_TAPE	2003-06-06	2.4.20

CONFIG_ISAPNP		2003-06-09
CONFIG_ISDN_DRV_HISAX	2003-06-12	2.4.20
CONFIG_HISAX_TELESPCI	2003-06-12	2.4.20

CONFIG_AMD8111_ETH	2003-09-04	2.4.22
CONFIG_FB_MATROX_MAVEN	2003-09-04	2.4.22

